###############################################################################
#
# IAR ANSI C/C++ Compiler V7.20.2.7424/W32 for ARM        25/Oct/2015  00:06:47
# Copyright 1999-2014 IAR Systems AB.
#
#    Cpu mode     =  thumb
#    Endian       =  little
#    Source file  =  
#        E:\gitProject\MyeBEST\projectSnake\lib\config\Card_Config.c
#    Command line =  
#        E:\gitProject\MyeBEST\projectSnake\lib\config\Card_Config.c -D
#        LPLD_K60 -D USE_K60DZ10 -lCN
#        E:\gitProject\MyeBEST\projectSnake\project\myK10Project\iar\RAM\List\
#        -lB
#        E:\gitProject\MyeBEST\projectSnake\project\myK10Project\iar\RAM\List\
#        -o
#        E:\gitProject\MyeBEST\projectSnake\project\myK10Project\iar\RAM\Obj\
#        --no_cse --no_unroll --no_inline --no_code_motion --no_tbaa
#        --no_clustering --no_scheduling --debug --endian=little
#        --cpu=Cortex-M4 -e --fpu=None --dlib_config "D:\Program Files
#        (x86)\IAR Systems\Embedded Workbench
#        7.0\arm\INC\c\DLib_Config_Normal.h" -I
#        E:\gitProject\MyeBEST\projectSnake\project\myK10Project\iar\..\app\ -I
#        E:\gitProject\MyeBEST\projectSnake\project\myK10Project\iar\..\..\..\lib\CPU\
#        -I
#        E:\gitProject\MyeBEST\projectSnake\project\myK10Project\iar\..\..\..\lib\config\
#        -I
#        E:\gitProject\MyeBEST\projectSnake\project\myK10Project\iar\..\..\..\lib\common\
#        -I
#        E:\gitProject\MyeBEST\projectSnake\project\myK10Project\iar\..\..\..\lib\LPLD\
#        -I
#        E:\gitProject\MyeBEST\projectSnake\project\myK10Project\iar\..\..\..\lib\LPLD\HW\
#        -I
#        E:\gitProject\MyeBEST\projectSnake\project\myK10Project\iar\..\..\..\lib\LPLD\DEV\
#        -I
#        E:\gitProject\MyeBEST\projectSnake\project\myK10Project\iar\..\..\..\lib\LPLD\FUNC\
#        -I
#        E:\gitProject\MyeBEST\projectSnake\project\myK10Project\iar\..\..\..\lib\uCOS-II\Ports\
#        -I
#        E:\gitProject\MyeBEST\projectSnake\project\myK10Project\iar\..\..\..\lib\uCOS-II\Source\
#        -I
#        E:\gitProject\MyeBEST\projectSnake\project\myK10Project\iar\..\..\..\lib\FatFs\
#        -I
#        E:\gitProject\MyeBEST\projectSnake\project\myK10Project\iar\..\..\..\lib\FatFs\option\
#        -I
#        E:\gitProject\MyeBEST\projectSnake\project\myK10Project\iar\..\..\..\lib\USB\common\
#        -I
#        E:\gitProject\MyeBEST\projectSnake\project\myK10Project\iar\..\..\..\lib\USB\driver\
#        -I
#        E:\gitProject\MyeBEST\projectSnake\project\myK10Project\iar\..\..\..\lib\USB\descriptor\
#        -I
#        E:\gitProject\MyeBEST\projectSnake\project\myK10Project\iar\..\..\..\lib\USB\class\
#        -Ol -I "D:\Program Files (x86)\IAR Systems\Embedded Workbench
#        7.0\arm\CMSIS\Include\" -D ARM_MATH_CM4
#    List file    =  
#        E:\gitProject\MyeBEST\projectSnake\project\myK10Project\iar\RAM\List\Card_Config.lst
#    Object file  =  
#        E:\gitProject\MyeBEST\projectSnake\project\myK10Project\iar\RAM\Obj\Card_Config.o
#
###############################################################################

E:\gitProject\MyeBEST\projectSnake\lib\config\Card_Config.c
      1          #include "Card_Config.h"
      2          

   \                                 In section .data, align 4
      3          OledConfig g_OLEDConfig_Demo = 
   \                     g_OLEDConfig_Demo:
   \   00000000   0x400FF040         DC32 400FF040H, 20, 1
   \              0x00000014   
   \              0x00000001   
   \   0000000C   0x00 0x00          DC8 0, 0, 0, 0, 0, 0, 0, 0
   \              0x00 0x00    
   \              0x00 0x00    
   \              0x00 0x00    
   \   00000014   0x400FF040         DC32 400FF040H, 18, 1
   \              0x00000012   
   \              0x00000001   
   \   00000020   0x00 0x00          DC8 0, 0, 0, 0, 0, 0, 0, 0
   \              0x00 0x00    
   \              0x00 0x00    
   \              0x00 0x00    
   \   00000028   0x400FF040         DC32 400FF040H, 21, 1
   \              0x00000015   
   \              0x00000001   
   \   00000034   0x00 0x00          DC8 0, 0, 0, 0, 0, 0, 0, 0
   \              0x00 0x00    
   \              0x00 0x00    
   \              0x00 0x00    
   \   0000003C   0x400FF040         DC32 400FF040H, 19, 1
   \              0x00000013   
   \              0x00000001   
   \   00000048   0x00 0x00          DC8 0, 0, 0, 0, 0, 0, 0, 0
   \              0x00 0x00    
   \              0x00 0x00    
   \              0x00 0x00    
      4          {
      5            .SCL_Pin = {PTB, 20, DIR_OUTPUT, OUTPUT_L, },
      6            .SDA_Pin = {PTB, 18, DIR_OUTPUT, OUTPUT_L, },
      7            .DC_Pin = {PTB, 21, DIR_OUTPUT, OUTPUT_L, },
      8            .RST_Pin = {PTB, 19, DIR_OUTPUT, OUTPUT_L, }
      9          };
     10          

   \                                 In section .data, align 4
     11          HardWareConfig g_HardWareConfig_MK10VLL10 = 
   \                     g_HardWareConfig_MK10VLL10:
   \   00000000   0x........         DC32 g_OLEDConfig_Demo
     12          {
     13            .pOledConfig = &g_OLEDConfig_Demo
     14          };
     15          

   \                                 In section .text, align 4, keep-with-next
     16          void* GetOledConfig(void)
     17          {
     18            return g_HardWareConfig_MK10VLL10.pOledConfig;
   \                     GetOledConfig: (+1)
   \   00000000   0x4801             LDR.N    R0,??GetOledConfig_0
   \   00000002   0x6800             LDR      R0,[R0, #+0]
   \   00000004   0x4770             BX       LR               ;; return
   \   00000006   0xBF00             Nop      
   \                     ??GetOledConfig_0:
   \   00000008   0x........         DC32     g_HardWareConfig_MK10VLL10
     19          }

   Maximum stack usage in bytes:

   .cstack Function
   ------- --------
       0   GetOledConfig


   Section sizes:

   Bytes  Function/Label
   -----  --------------
      12  GetOledConfig
       4  g_HardWareConfig_MK10VLL10
      80  g_OLEDConfig_Demo

 
 84 bytes in section .data
 12 bytes in section .text
 
 12 bytes of CODE memory
 84 bytes of DATA memory

Errors: none
Warnings: none
