###############################################################################
#
# IAR ANSI C/C++ Compiler V7.20.2.7424/W32 for ARM        26/Oct/2015  19:35:37
# Copyright 1999-2014 IAR Systems AB.
#
#    Cpu mode     =  thumb
#    Endian       =  little
#    Source file  =  
#        E:\gitProject\MyeBEST\projectSnake\project\myK10Project\app\myK10Project.c
#    Command line =  
#        E:\gitProject\MyeBEST\projectSnake\project\myK10Project\app\myK10Project.c
#        -D LPLD_K60 -D USE_K60DZ10 -lCN
#        E:\gitProject\MyeBEST\projectSnake\project\myK10Project\iar\RAM\List\
#        -lB
#        E:\gitProject\MyeBEST\projectSnake\project\myK10Project\iar\RAM\List\
#        -o
#        E:\gitProject\MyeBEST\projectSnake\project\myK10Project\iar\RAM\Obj\
#        --no_cse --no_unroll --no_inline --no_code_motion --no_tbaa
#        --no_clustering --no_scheduling --debug --endian=little
#        --cpu=Cortex-M4 -e --fpu=None --dlib_config "D:\Program Files
#        (x86)\IAR Systems\Embedded Workbench
#        7.0\arm\INC\c\DLib_Config_Normal.h" -I
#        E:\gitProject\MyeBEST\projectSnake\project\myK10Project\iar\..\app\ -I
#        E:\gitProject\MyeBEST\projectSnake\project\myK10Project\iar\..\..\..\lib\CPU\
#        -I
#        E:\gitProject\MyeBEST\projectSnake\project\myK10Project\iar\..\..\..\lib\config\
#        -I
#        E:\gitProject\MyeBEST\projectSnake\project\myK10Project\iar\..\..\..\lib\common\
#        -I
#        E:\gitProject\MyeBEST\projectSnake\project\myK10Project\iar\..\..\..\lib\LPLD\
#        -I
#        E:\gitProject\MyeBEST\projectSnake\project\myK10Project\iar\..\..\..\lib\LPLD\HW\
#        -I
#        E:\gitProject\MyeBEST\projectSnake\project\myK10Project\iar\..\..\..\lib\LPLD\DEV\
#        -I
#        E:\gitProject\MyeBEST\projectSnake\project\myK10Project\iar\..\..\..\lib\LPLD\FUNC\
#        -I
#        E:\gitProject\MyeBEST\projectSnake\project\myK10Project\iar\..\..\..\lib\uCOS-II\Ports\
#        -I
#        E:\gitProject\MyeBEST\projectSnake\project\myK10Project\iar\..\..\..\lib\uCOS-II\Source\
#        -I
#        E:\gitProject\MyeBEST\projectSnake\project\myK10Project\iar\..\..\..\lib\FatFs\
#        -I
#        E:\gitProject\MyeBEST\projectSnake\project\myK10Project\iar\..\..\..\lib\FatFs\option\
#        -I
#        E:\gitProject\MyeBEST\projectSnake\project\myK10Project\iar\..\..\..\lib\USB\common\
#        -I
#        E:\gitProject\MyeBEST\projectSnake\project\myK10Project\iar\..\..\..\lib\USB\driver\
#        -I
#        E:\gitProject\MyeBEST\projectSnake\project\myK10Project\iar\..\..\..\lib\USB\descriptor\
#        -I
#        E:\gitProject\MyeBEST\projectSnake\project\myK10Project\iar\..\..\..\lib\USB\class\
#        -Ol -I "D:\Program Files (x86)\IAR Systems\Embedded Workbench
#        7.0\arm\CMSIS\Include\" -D ARM_MATH_CM4
#    List file    =  
#        E:\gitProject\MyeBEST\projectSnake\project\myK10Project\iar\RAM\List\myK10Project.lst
#    Object file  =  
#        E:\gitProject\MyeBEST\projectSnake\project\myK10Project\iar\RAM\Obj\myK10Project.o
#
###############################################################################

E:\gitProject\MyeBEST\projectSnake\project\myK10Project\app\myK10Project.c
      1          /**
      2           * --------------基于"拉普兰德K60底层库V3"的工程（myK10Project）-----------------
      3           * @file myK10Project.c
      4           * @version 0.0
      5           * @date 2013-9-29
      6           * @brief 关于该工程的描述
      7           *
      8           * 版权所有:北京拉普兰德电子技术有限公司
      9           * http://www.lpld.cn
     10           * mail:support@lpld.cn
     11           * 硬件平台:  LPLD K60 Card / LPLD K60 Nano
     12           *
     13           * 本工程基于"拉普兰德K60底层库V3"开发，
     14           * 所有开源代码均在"lib"文件夹下，用户不必更改该目录下代码，
     15           * 所有用户工程需保存在"project"文件夹下，以工程名定义文件夹名，
     16           * 底层库使用方法见相关文档。 
     17           *
     18           */
     19          #include "common.h"
     20          #include "DEV_OLED.h"
     21          

   \                                 In section .text, align 2, keep-with-next
     22          void main (void)
     23          {
   \                     main: (+1)
   \   00000000   0xB580             PUSH     {R7,LR}
     24            OLED_Init();
   \   00000002   0x.... 0x....      BL       OLED_Init
     25            //OLED_Clear();
     26            
     27            while(1)
     28            {
     29              OLED_WriteChar(0, 0, 'a', 0);
   \                     ??main_0: (+1)
   \   00000006   0x2300             MOVS     R3,#+0
   \   00000008   0x2261             MOVS     R2,#+97
   \   0000000A   0x2100             MOVS     R1,#+0
   \   0000000C   0x2000             MOVS     R0,#+0
   \   0000000E   0x.... 0x....      BL       OLED_WriteChar
     30              OLED_Refresh_Gram();
   \   00000012   0x.... 0x....      BL       OLED_Refresh_Gram
   \   00000016   0xE7F6             B.N      ??main_0
     31            }
     32          }
     33          
     34          

   Maximum stack usage in bytes:

   .cstack Function
   ------- --------
       8   main
         8   -> OLED_Init
         8   -> OLED_Refresh_Gram
         8   -> OLED_WriteChar


   Section sizes:

   Bytes  Function/Label
   -----  --------------
      24  main

 
 24 bytes in section .text
 
 24 bytes of CODE memory

Errors: none
Warnings: none
