###############################################################################
#                                                                             #
#                                                       10/Jan/2013  20:05:45 #
# IAR ANSI C/C++ Compiler V6.30.6.23336/W32 EVALUATION for ARM                #
# Copyright 1999-2012 IAR Systems AB.                                         #
#                                                                             #
#    Cpu mode     =  thumb                                                    #
#    Endian       =  little                                                   #
#    Source file  =  E:\\˼ܳ\ճ\ڰ˽\ڰ˽ #
#                    ܳ\ֱ\ARM\ARMѧϰʹ\20130110\V0.0.3\MyFunctio #
#                    n\Motor_Control.c                                        #
#    Command line =  E:\\˼ܳ\ճ\ڰ˽\ڰ˽ #
#                    ܳ\ֱ\ARM\ARMѧϰʹ\20130110\V0.0.3\MyFunctio #
#                    n\Motor_Control.c -D IAR -lCN                            #
#                    E:\\˼ܳ\ճ\ڰ˽\ڰ˽ #
#                    ܳ\ֱ\ARM\ARMѧϰʹ\20130110\V0.0.3\Debug\Lis #
#                    t\ -lB E:\\˼ܳ\ճ\ڰ˽\ #
#                    ˽ܳ\ֱ\ARM\ARMѧϰʹ\20130110\V0.0.3\De #
#                    bug\List\ -o E:\\˼ܳ\ճ\ڰ˽ #
#                    \ڰ˽ܳ\ֱ\ARM\ARMѧϰʹ\20130110\V0. #
#                    0.3\Debug\Obj\ --no_cse --no_unroll --no_inline          #
#                    --no_code_motion --no_tbaa --no_clustering               #
#                    --no_scheduling --debug --endian=little --cpu=Cortex-M4  #
#                    -e --fpu=None --dlib_config                              #
#                    D:\Tools\IAR6.30\arm\INC\c\DLib_Config_Normal.h -I       #
#                    E:\\˼ܳ\ճ\ڰ˽\ڰ˽ #
#                    ܳ\ֱ\ARM\ARMѧϰʹ\20130110\V0.0.3\Library\C #
#                    PU\ -I E:\\˼ܳ\ճ\ڰ˽\ #
#                    ˽ܳ\ֱ\ARM\ARMѧϰʹ\20130110\V0.0.3\Li #
#                    brary\Drivers\ADC\ -I E:\\˼ܳ\ճ #
#                    \ڰ˽\ڰ˽ܳ\ֱ\ARM\ARMѧϰʹ\201 #
#                    30110\V0.0.3\Library\Drivers\FTM\ -I                     #
#                    E:\\˼ܳ\ճ\ڰ˽\ڰ˽ #
#                    ܳ\ֱ\ARM\ARMѧϰʹ\20130110\V0.0.3\Library\D #
#                    rivers\GPIO\ -I E:\\˼ܳ\ճ\ڰ #
#                    \ڰ˽ܳ\ֱ\ARM\ARMѧϰʹ\20130110\ #
#                    V0.0.3\Library\Drivers\PIT\ -Ol                          #
#    List file    =  E:\\˼ܳ\ճ\ڰ˽\ڰ˽ #
#                    ܳ\ֱ\ARM\ARMѧϰʹ\20130110\V0.0.3\Debug\Lis #
#                    t\Motor_Control.lst                                      #
#    Object file  =  E:\\˼ܳ\ճ\ڰ˽\ڰ˽ #
#                    ܳ\ֱ\ARM\ARMѧϰʹ\20130110\V0.0.3\Debug\Obj #
#                    \Motor_Control.o                                         #
#                                                                             #
#                                                                             #
###############################################################################

E:\\˼ܳ\ճ\ڰ˽\ڰ˽ܳ\ֱ\ARM\ARMѧϰʹ\20130110\V0.0.3\MyFunction\Motor_Control.c
      1          #include "AllHeaders.h"


 

 


Errors: none
Warnings: none
