###############################################################################
#                                                                             #
#                                                       18/Jan/2013  21:34:33 #
# IAR ANSI C/C++ Compiler V6.30.6.23336/W32 EVALUATION for ARM                #
# Copyright 1999-2012 IAR Systems AB.                                         #
#                                                                             #
#    Cpu mode     =  thumb                                                    #
#    Endian       =  little                                                   #
#    Source file  =  E:\øŒÕ‚◊ ¡œ\∑…Àºø®∂˚÷«ƒ‹≥µ\»’≥£◊ ¡œ\µ⁄∞ÀΩÏ◊ ¡œ\µ⁄∞ÀΩÏ÷«ƒ #
#                    ‹≥µ\÷±¡¢≥µµ˜ ‘\ARM\ARM—ßœ∞ π”√\20130118\V0.0.0\MyFunctio #
#                    n\Balance_Control.c                                      #
#    Command line =  E:\øŒÕ‚◊ ¡œ\∑…Àºø®∂˚÷«ƒ‹≥µ\»’≥£◊ ¡œ\µ⁄∞ÀΩÏ◊ ¡œ\µ⁄∞ÀΩÏ÷«ƒ #
#                    ‹≥µ\÷±¡¢≥µµ˜ ‘\ARM\ARM—ßœ∞ π”√\20130118\V0.0.0\MyFunctio #
#                    n\Balance_Control.c -D IAR -lCN                          #
#                    E:\øŒÕ‚◊ ¡œ\∑…Àºø®∂˚÷«ƒ‹≥µ\»’≥£◊ ¡œ\µ⁄∞ÀΩÏ◊ ¡œ\µ⁄∞ÀΩÏ÷«ƒ #
#                    ‹≥µ\÷±¡¢≥µµ˜ ‘\ARM\ARM—ßœ∞ π”√\20130118\V0.0.0\RAM_128K\ #
#                    List\ -lB E:\øŒÕ‚◊ ¡œ\∑…Àºø®∂˚÷«ƒ‹≥µ\»’≥£◊ ¡œ\µ⁄∞ÀΩÏ◊ ¡œ #
#                    \µ⁄∞ÀΩÏ÷«ƒ‹≥µ\÷±¡¢≥µµ˜ ‘\ARM\ARM—ßœ∞ π”√\20130118\V0.0.0 #
#                    \RAM_128K\List\ -o E:\øŒÕ‚◊ ¡œ\∑…Àºø®∂˚÷«ƒ‹≥µ\»’≥£◊ ¡œ\µ #
#                    ⁄∞ÀΩÏ◊ ¡œ\µ⁄∞ÀΩÏ÷«ƒ‹≥µ\÷±¡¢≥µµ˜ ‘\ARM\ARM—ßœ∞ π”√\201301 #
#                    18\V0.0.0\RAM_128K\Obj\ --no_cse --no_unroll             #
#                    --no_inline --no_code_motion --no_tbaa --no_clustering   #
#                    --no_scheduling --debug --endian=little --cpu=Cortex-M4  #
#                    -e --fpu=None --dlib_config                              #
#                    D:\Tools\IAR6.30\arm\INC\c\DLib_Config_Normal.h -I       #
#                    E:\øŒÕ‚◊ ¡œ\∑…Àºø®∂˚÷«ƒ‹≥µ\»’≥£◊ ¡œ\µ⁄∞ÀΩÏ◊ ¡œ\µ⁄∞ÀΩÏ÷«ƒ #
#                    ‹≥µ\÷±¡¢≥µµ˜ ‘\ARM\ARM—ßœ∞ π”√\20130118\V0.0.0\Library\C #
#                    PU\ -I E:\øŒÕ‚◊ ¡œ\∑…Àºø®∂˚÷«ƒ‹≥µ\»’≥£◊ ¡œ\µ⁄∞ÀΩÏ◊ ¡œ\µ⁄ #
#                    ∞ÀΩÏ÷«ƒ‹≥µ\÷±¡¢≥µµ˜ ‘\ARM\ARM—ßœ∞ π”√\20130118\V0.0.0\Li #
#                    brary\Drivers\ADC\ -I E:\øŒÕ‚◊ ¡œ\∑…Àºø®∂˚÷«ƒ‹≥µ\»’≥£◊ ¡ #
#                    œ\µ⁄∞ÀΩÏ◊ ¡œ\µ⁄∞ÀΩÏ÷«ƒ‹≥µ\÷±¡¢≥µµ˜ ‘\ARM\ARM—ßœ∞ π”√\201 #
#                    30118\V0.0.0\Library\Drivers\FTM\ -I                     #
#                    E:\øŒÕ‚◊ ¡œ\∑…Àºø®∂˚÷«ƒ‹≥µ\»’≥£◊ ¡œ\µ⁄∞ÀΩÏ◊ ¡œ\µ⁄∞ÀΩÏ÷«ƒ #
#                    ‹≥µ\÷±¡¢≥µµ˜ ‘\ARM\ARM—ßœ∞ π”√\20130118\V0.0.0\Library\D #
#                    rivers\GPIO\ -I E:\øŒÕ‚◊ ¡œ\∑…Àºø®∂˚÷«ƒ‹≥µ\»’≥£◊ ¡œ\µ⁄∞À #
#                    ΩÏ◊ ¡œ\µ⁄∞ÀΩÏ÷«ƒ‹≥µ\÷±¡¢≥µµ˜ ‘\ARM\ARM—ßœ∞ π”√\20130118\ #
#                    V0.0.0\Library\Drivers\PIT\ -I                           #
#                    E:\øŒÕ‚◊ ¡œ\∑…Àºø®∂˚÷«ƒ‹≥µ\»’≥£◊ ¡œ\µ⁄∞ÀΩÏ◊ ¡œ\µ⁄∞ÀΩÏ÷«ƒ #
#                    ‹≥µ\÷±¡¢≥µµ˜ ‘\ARM\ARM—ßœ∞ π”√\20130118\V0.0.0\MyFunctio #
#                    n\ -Ol                                                   #
#    List file    =  E:\øŒÕ‚◊ ¡œ\∑…Àºø®∂˚÷«ƒ‹≥µ\»’≥£◊ ¡œ\µ⁄∞ÀΩÏ◊ ¡œ\µ⁄∞ÀΩÏ÷«ƒ #
#                    ‹≥µ\÷±¡¢≥µµ˜ ‘\ARM\ARM—ßœ∞ π”√\20130118\V0.0.0\RAM_128K\ #
#                    List\Balance_Control.lst                                 #
#    Object file  =  E:\øŒÕ‚◊ ¡œ\∑…Àºø®∂˚÷«ƒ‹≥µ\»’≥£◊ ¡œ\µ⁄∞ÀΩÏ◊ ¡œ\µ⁄∞ÀΩÏ÷«ƒ #
#                    ‹≥µ\÷±¡¢≥µµ˜ ‘\ARM\ARM—ßœ∞ π”√\20130118\V0.0.0\RAM_128K\ #
#                    Obj\Balance_Control.o                                    #
#                                                                             #
#                                                                             #
###############################################################################

E:\øŒÕ‚◊ ¡œ\∑…Àºø®∂˚÷«ƒ‹≥µ\»’≥£◊ ¡œ\µ⁄∞ÀΩÏ◊ ¡œ\µ⁄∞ÀΩÏ÷«ƒ‹≥µ\÷±¡¢≥µµ˜ ‘\ARM\ARM—ßœ∞ π”√\20130118\V0.0.0\MyFunction\Balance_Control.c
      1          #include "AllHeaders.h"

   \                                 In section .bss, align 2
      2          int16s_t g_nCarAcceVal;           //Ω«ÀŸ∂»
   \                     g_nCarAcceVal:
   \   00000000                      DS8 2

   \                                 In section .bss, align 2
      3          int16s_t g_nCarGyroVal;           //Ω«º”ÀŸ∂»
   \                     g_nCarGyroVal:
   \   00000000                      DS8 2

   \                                 In section .bss, align 2
      4          int16s_t g_nCarAngle;             //≥µÃÂΩ«∂»
   \                     g_nCarAngle:
   \   00000000                      DS8 2

   \                                 In section .bss, align 4
      5          float    Angle_m;                 //º”ÀŸ∂»º∆À„≥ˆµƒΩ«∂»
   \                     Angle_m:
   \   00000000                      DS8 4

   \                                 In section .bss, align 4
      6          float    Gyro_m;                  //Õ”¬›“«º∆À„≥ˆµƒΩ«ÀŸ∂»
   \                     Gyro_m:
   \   00000000                      DS8 4

   \                                 In section .bss, align 2
      7          int16s_t g_nLeftMotorOut;
   \                     g_nLeftMotorOut:
   \   00000000                      DS8 2

   \                                 In section .bss, align 2
      8          int16s_t g_nRightMotorOut;
   \                     g_nRightMotorOut:
   \   00000000                      DS8 2

   \                                 In section .bss, align 4
      9          int32s_t Turn_SpeedOut_L;
   \                     Turn_SpeedOut_L:
   \   00000000                      DS8 4

   \                                 In section .bss, align 4
     10          int32s_t Turn_SpeedOut_R;
   \                     Turn_SpeedOut_R:
   \   00000000                      DS8 4
     11          
     12          /*------------------------------------------
     13          ≤È±Ì ˝◊È£¨”√”⁄∂‘¥” -1~+1 µƒ asin ∂‘”¶µƒΩ«∂»
     14          -------------------------------------------*/

   \                                 In section .rodata, align 4
     15          const float  Asin_to_Angle[201]={ -90.000000,-81.890386,-78.521659,-75.930132,-73.739795,-71.805128,-70.051556,-68.434815,
   \                     Asin_to_Angle:
   \   00000000   0xC2B40000         DC32 0C2B40000H, 0C2A3C7E1H, 0C29D0B17H, 0C297DC3AH, 0C2937AC6H
   \              0xC2A3C7E1   
   \              0xC29D0B17   
   \              0xC297DC3A   
   \              0xC2937AC6   
   \   00000014   0xC28F9C3A         DC32 0C28F9C3AH, 0C28C1A66H, 0C288DEA0H, 0C285DA27H, 0C28302BDH
   \              0xC28C1A66   
   \              0xC288DEA0   
   \              0xC285DA27   
   \              0xC28302BD   
   \   00000028   0xC28050EE         DC32 0C28050EEH, 0C27B7E34H, 0C27691C8H, 0C271D5A5H, 0C26D442EH
   \              0xC27B7E34   
   \              0xC27691C8   
   \              0xC271D5A5   
   \              0xC26D442E   
   \   0000003C   0xC268D8C0         DC32 0C268D8C0H, 0C2648F7CH, 0C260651CH, 0C25C56D4H, 0C258623CH
   \              0xC2648F7C   
   \              0xC260651C   
   \              0xC25C56D4   
   \              0xC258623C   
   \   00000050   0xC2548539         DC32 0C2548539H, 0C250BDF7H, 0C24D0AD4H, 0C2496A62H, 0C245DB57H
   \              0xC250BDF7   
   \              0xC24D0AD4   
   \              0xC2496A62   
   \              0xC245DB57   
   \   00000064   0xC2425C8C         DC32 0C2425C8CH, 0C23EECF8H, 0C23B8BABH, 0C23837CAH, 0C234F08EH
   \              0xC23EECF8   
   \              0xC23B8BAB   
   \              0xC23837CA   
   \              0xC234F08E   
   \   00000078   0xC231B541         DC32 0C231B541H, 0C22E853BH, 0C22B5FE4H, 0C22844ADH, 0C2253312H
   \              0xC22E853B   
   \              0xC22B5FE4   
   \              0xC22844AD   
   \              0xC2253312   
   \   0000008C   0xC2222A9A         DC32 0C2222A9AH, 0C21F2AD3H, 0C21C3353H, 0C21943B9H, 0C2165BA7H
   \              0xC21F2AD3   
   \              0xC21C3353   
   \              0xC21943B9   
   \              0xC2165BA7   
   \   000000A0   0xC2137AC7         DC32 0C2137AC7H, 0C210A0C7H, 0C20DCD5BH, 0C20B003BH, 0C2083923H
   \              0xC210A0C7   
   \              0xC20DCD5B   
   \              0xC20B003B   
   \              0xC2083923   
   \   000000B4   0xC20577D2         DC32 0C20577D2H, 0C202BC0CH, 0C2000596H, 0C1FAA873H, 0C1F54F86H
   \              0xC202BC0C   
   \              0xC2000596   
   \              0xC1FAA873   
   \              0xC1F54F86   
   \   000000C8   0xC1F00000         DC32 0C1F00000H, 0C1EAB983H, 0C1E57BB4H, 0C1E0463EH, 0C1DB18CCH
   \              0xC1EAB983   
   \              0xC1E57BB4   
   \              0xC1E0463E   
   \              0xC1DB18CC   
   \   000000DC   0xC1D5F311         DC32 0C1D5F311H, 0C1D0D4C0H, 0C1CBBD90H, 0C1C6AD3CH, 0C1C1A381H
   \              0xC1D0D4C0   
   \              0xC1CBBD90   
   \              0xC1C6AD3C   
   \              0xC1C1A381   
   \   000000F0   0xC1BCA01C         DC32 0C1BCA01CH, 0C1B7A2D0H, 0C1B2AB62H, 0C1ADB995H, 0C1A8CD34H
   \              0xC1B7A2D0   
   \              0xC1B2AB62   
   \              0xC1ADB995   
   \              0xC1A8CD34   
   \   00000104   0xC1A3E605         DC32 0C1A3E605H, 0C19F03D7H, 0C19A2674H, 0C1954DACH, 0C190794EH
   \              0xC19F03D7   
   \              0xC19A2674   
   \              0xC1954DAC   
   \              0xC190794E   
   \   00000118   0xC18BA92C         DC32 0C18BA92CH, 0C186DD18H, 0C18214E6H, 0C17AA0D6H, 0C1711EF9H
   \              0xC186DD18   
   \              0xC18214E6   
   \              0xC17AA0D6   
   \              0xC1711EF9   
   \   0000012C   0xC167A3E4         DC32 0C167A3E4H, 0C15E2F45H, 0C154C0CFH, 0C14B5833H, 0C141F527H
   \              0xC15E2F45   
   \              0xC154C0CF   
   \              0xC14B5833   
   \              0xC141F527   
   \   00000140   0xC1389762         DC32 0C1389762H, 0C12F3E9AH, 0C125EA89H, 0C11C9AE8H, 0C1134F72H
   \              0xC12F3E9A   
   \              0xC125EA89   
   \              0xC11C9AE8   
   \              0xC1134F72   
   \   00000154   0xC10A07E5         DC32 0C10A07E5H, 0C100C3FAH, 0C0EF06E6H, 0C0DC8C1CH, 0C0CA1712H
   \              0xC100C3FA   
   \              0xC0EF06E6   
   \              0xC0DC8C1C   
   \              0xC0CA1712   
   \   00000168   0xC0B7A748         DC32 0C0B7A748H, 0C0A53C45H, 0C092D588H, 0C0807295H, 0C05C25E5H
   \              0xC0A53C45   
   \              0xC092D588   
   \              0xC0807295   
   \              0xC05C25E5   
   \   0000017C   0xC0376C48         DC32 0C0376C48H, 0C012B763H, 0BFDC0C7CH, 0BF92AFDEH, 0BF12ADF7H, 0H
   \              0xC012B763   
   \              0xBFDC0C7C   
   \              0xBF92AFDE   
   \              0xBF12ADF7   
   \              0x00000000   
   \   00000194   0x3F12ADF7         DC32 3F12ADF7H, 3F92AFDEH, 3FDC0C7CH, 4012B763H, 40376C48H, 405C25E5H
   \              0x3F92AFDE   
   \              0x3FDC0C7C   
   \              0x4012B763   
   \              0x40376C48   
   \              0x405C25E5   
   \   000001AC   0x40807295         DC32 40807295H, 4092D588H, 40A53C45H, 40B7A748H, 40CA1712H, 40DC8C1CH
   \              0x4092D588   
   \              0x40A53C45   
   \              0x40B7A748   
   \              0x40CA1712   
   \              0x40DC8C1C   
   \   000001C4   0x40EF06E6         DC32 40EF06E6H, 4100C3FAH, 410A07E5H, 41134F72H, 411C9AE8H, 4125EA89H
   \              0x4100C3FA   
   \              0x410A07E5   
   \              0x41134F72   
   \              0x411C9AE8   
   \              0x4125EA89   
   \   000001DC   0x412F3E9A         DC32 412F3E9AH, 41389762H, 4141F527H, 414B5833H, 4154C0CFH, 415E2F45H
   \              0x41389762   
   \              0x4141F527   
   \              0x414B5833   
   \              0x4154C0CF   
   \              0x415E2F45   
   \   000001F4   0x4167A3E4         DC32 4167A3E4H, 41711EF9H, 417AA0D6H, 418214E6H, 4186DD18H, 418BA92CH
   \              0x41711EF9   
   \              0x417AA0D6   
   \              0x418214E6   
   \              0x4186DD18   
   \              0x418BA92C   
   \   0000020C   0x4190794E         DC32 4190794EH, 41954DACH, 419A2674H, 419F03D7H, 41A3E605H, 41A8CD34H
   \              0x41954DAC   
   \              0x419A2674   
   \              0x419F03D7   
   \              0x41A3E605   
   \              0x41A8CD34   
   \   00000224   0x41ADB995         DC32 41ADB995H, 41B2AB62H, 41B7A2D0H, 41BCA01CH, 41C1A381H, 41C6AD3CH
   \              0x41B2AB62   
   \              0x41B7A2D0   
   \              0x41BCA01C   
   \              0x41C1A381   
   \              0x41C6AD3C   
   \   0000023C   0x41CBBD90         DC32 41CBBD90H, 41D0D4C0H, 41D5F311H, 41DB18CCH, 41E0463EH, 41E57BB4H
   \              0x41D0D4C0   
   \              0x41D5F311   
   \              0x41DB18CC   
   \              0x41E0463E   
   \              0x41E57BB4   
   \   00000254   0x41EAB983         DC32 41EAB983H, 41F00000H, 41F54F86H, 41FAA873H, 42000596H, 4202BC0CH
   \              0x41F00000   
   \              0x41F54F86   
   \              0x41FAA873   
   \              0x42000596   
   \              0x4202BC0C   
   \   0000026C   0x420577D2         DC32 420577D2H, 42083923H, 420B003BH, 420DCD5BH, 4210A0C7H, 42137AC7H
   \              0x42083923   
   \              0x420B003B   
   \              0x420DCD5B   
   \              0x4210A0C7   
   \              0x42137AC7   
   \   00000284   0x42165BA7         DC32 42165BA7H, 421943B9H, 421C3353H, 421F2AD3H, 42222A9AH, 42253312H
   \              0x421943B9   
   \              0x421C3353   
   \              0x421F2AD3   
   \              0x42222A9A   
   \              0x42253312   
   \   0000029C   0x422844AD         DC32 422844ADH, 422B5FE4H, 422E853BH, 4231B541H, 4234F08EH, 423837CAH
   \              0x422B5FE4   
   \              0x422E853B   
   \              0x4231B541   
   \              0x4234F08E   
   \              0x423837CA   
   \   000002B4   0x423B8BAB         DC32 423B8BABH, 423EECF8H, 42425C8CH, 4245DB57H, 42496A62H, 424D0AD4H
   \              0x423EECF8   
   \              0x42425C8C   
   \              0x4245DB57   
   \              0x42496A62   
   \              0x424D0AD4   
   \   000002CC   0x4250BDF7         DC32 4250BDF7H, 42548539H, 4258623CH, 425C56D4H, 4260651CH, 42648F7CH
   \              0x42548539   
   \              0x4258623C   
   \              0x425C56D4   
   \              0x4260651C   
   \              0x42648F7C   
   \   000002E4   0x4268D8C0         DC32 4268D8C0H, 426D442EH, 4271D5A5H, 427691C8H, 427B7E34H, 428050EEH
   \              0x426D442E   
   \              0x4271D5A5   
   \              0x427691C8   
   \              0x427B7E34   
   \              0x428050EE   
   \   000002FC   0x428302BD         DC32 428302BDH, 4285DA27H, 4288DEA0H, 428C1A66H, 428F9C3AH, 42937AC6H
   \              0x4285DA27   
   \              0x4288DEA0   
   \              0x428C1A66   
   \              0x428F9C3A   
   \              0x42937AC6   
   \   00000314   0x4297DC3A         DC32 4297DC3AH, 429D0B17H, 42A3C7E1H, 42B40000H
   \              0x429D0B17   
   \              0x42A3C7E1   
   \              0x42B40000   
     16          -66.926082,-65.505352,-64.158067,-62.873247,-61.642363,-60.458639,-59.316583,-58.211669,-57.140120,-56.098738,-55.084794,
     17          -54.095931,-53.130102,-52.185511,-51.260575,-50.353889,-49.464198,-48.590378,-47.731416,-46.886394,-46.054480,-45.234915,
     18          -44.427004,-43.630109,-42.843643,-42.067065,-41.299873,-40.541602,-39.791819,-39.050123,-38.316134,-37.589503,-36.869898,
     19          -36.157008,-35.450543,-34.750226,-34.055798,-33.367013,-32.683639,-32.005455,-31.332251,-30.663830,-30.000000,-29.340582,
     20          -28.685402,-28.034297,-27.387108,-26.743684,-26.103881,-25.467560,-24.834587,-24.204835,-23.578178,-22.954499,-22.333683,
     21          -21.715617,-21.100196,-20.487315,-19.876874,-19.268775,-18.662925,-18.059230,-17.457603,-16.857956,-16.260205,-15.664267,
     22          -15.070062,-14.477512,-13.886540,-13.297072,-12.709033,-12.122352,-11.536959,-10.952784,-10.369760,-9.787819,-9.206896,
     23          -8.626927,-8.047846,-7.469592,-6.892103,-6.315316,-5.739170,-5.163607,-4.588566,-4.013987,-3.439813,-2.865984,-2.292443,
     24          -1.719131,-1.145992,-0.572967,0.000000,0.572967,1.145992,1.719131,2.292443,2.865984,3.439813,4.013987,4.588566,5.163607,
     25          5.739170,6.315316,6.892103,7.469592,8.047846,8.626927,9.206896,9.787819,10.369760,10.952784,11.536959,12.122352,12.709033,
     26          13.297072,13.886540,14.477512,15.070062,15.664267,16.260205,16.857956,17.457603,18.059230,18.662925,19.268775,19.876874,
     27          20.487315,21.100196,21.715617,22.333683,22.954499,23.578178,24.204835,24.834587,25.467560,26.103881,26.743684,27.387108,
     28          28.034297,28.685402,29.340582,30.000000,30.663830,31.332251,32.005455,32.683639,33.367013,34.055798,34.750226,35.450543,
     29          36.157008,36.869898,37.589503,38.316134,39.050123,39.791819,40.541602,41.299873,42.067065,42.843643,43.630109,44.427004,
     30          45.234915,46.054480,46.886394,47.731416,48.590378,49.464198,50.353889,51.260575,52.185511,53.130102,54.095931,55.084794,
     31          56.098738,57.140120,58.211669,59.316583,60.458639,61.642363,62.873247,64.158067,65.505352,66.926082,68.434815,70.051556,
     32          71.805128,73.739795,75.930132,78.521659,81.890386,90.000000,
     33          };
     34          /*========================================
     35          ∫Ø ˝√˚£∫CarVoltageGet()
     36          ◊˜”√  £∫¥¶¿Ì≤…ºØµƒAD÷µ£¨Ω´∆‰◊™ªªŒ™Ω«∂»”ÎΩ«ÀŸ∂»
     37          ±∏◊¢  £∫Œﬁ
     38          =========================================*/

   \                                 In section .text, align 2, keep-with-next
     39          void CarVoltageGet(void) 
     40          {
   \                     CarVoltageGet:
   \   00000000   0xB580             PUSH     {R7,LR}
     41           float lnDeltaValue;
     42           int32s_t lnDeltaValue1;
     43           lnDeltaValue = (float)CV_ACCE_VAL;
   \   00000002   0x....             LDR.N    R0,??DataTable1
   \   00000004   0x8800             LDRH     R0,[R0, #+0]
   \   00000006   0x.... 0x....      BL       __aeabi_ui2f
     44           
     45           lnDeltaValue = lnDeltaValue - (CV_ACCE_Z_ZERO + ACCE_Z_ZERO_Increment);
   \   0000000A   0x....             LDR.N    R1,??DataTable1_1  ;; 0xc3b50000
   \   0000000C   0x.... 0x....      BL       __aeabi_fadd
     46          
     47          
     48           lnDeltaValue = (float)(lnDeltaValue*5000L/1024);                     //ªÒµ√µÁ—π÷µ
   \   00000010   0x....             LDR.N    R1,??DataTable1_2  ;; 0x459c4000
   \   00000012   0x.... 0x....      BL       __aeabi_fmul
   \   00000016   0xF05F 0x4189      MOVS     R1,#+1149239296
   \   0000001A   0x.... 0x....      BL       __aeabi_fdiv
     49           lnDeltaValue = lnDeltaValue * 10L / 67;                              //«Û≥ˆ Z ÷·º”ÀŸ∂» 800mV/g     //1∫≈≥µŒ™≥˝“‘68 2∫≈≥µµ»≥˝“‘56
   \   0000001E   0x....             LDR.N    R1,??DataTable1_3  ;; 0x41200000
   \   00000020   0x.... 0x....      BL       __aeabi_fmul
   \   00000024   0x....             LDR.N    R1,??DataTable1_4  ;; 0x42860000
   \   00000026   0x.... 0x....      BL       __aeabi_fdiv
     50           if(lnDeltaValue> 100)    lnDeltaValue= 100;                          //º∆À„≤È±Ì÷µ
   \   0000002A   0x....             LDR.N    R1,??DataTable1_5  ;; 0x42c80001
   \   0000002C   0x.... 0x....      BL       __aeabi_cfrcmple
   \   00000030   0xD800             BHI.N    ??CarVoltageGet_0
   \   00000032   0x....             LDR.N    R0,??DataTable1_6  ;; 0x42c80000
     51           if(lnDeltaValue<-100)    lnDeltaValue=-100;  
   \                     ??CarVoltageGet_0:
   \   00000034   0x....             LDR.N    R1,??DataTable1_7  ;; 0xc2c80000
   \   00000036   0x.... 0x....      BL       __aeabi_cfcmple
   \   0000003A   0xD200             BCS.N    ??CarVoltageGet_1
   \   0000003C   0x....             LDR.N    R0,??DataTable1_7  ;; 0xc2c80000
     52           Angle_m = Asin_to_Angle[(int16s_t)(lnDeltaValue+100)];               //º∆À„Ω«∂» 
   \                     ??CarVoltageGet_1:
   \   0000003E   0x....             LDR.N    R1,??DataTable1_6  ;; 0x42c80000
   \   00000040   0x.... 0x....      BL       __aeabi_fadd
   \   00000044   0x.... 0x....      BL       __aeabi_f2iz
   \   00000048   0xB200             SXTH     R0,R0            ;; SignExt  R0,R0,#+16,#+16
   \   0000004A   0x....             LDR.N    R1,??DataTable1_8
   \   0000004C   0xF851 0x0020      LDR      R0,[R1, R0, LSL #+2]
   \   00000050   0x....             LDR.N    R1,??DataTable1_9
   \   00000052   0x6008             STR      R0,[R1, #+0]
     53              
     54           lnDeltaValue1 = (int16s_t)CV_GYRO_VAL;                               //∂¡»°Õ”¬›“«AD÷µ
   \   00000054   0x....             LDR.N    R0,??DataTable1
   \   00000056   0xF9B0 0x0002      LDRSH    R0,[R0, #+2]
   \   0000005A   0xB200             SXTH     R0,R0            ;; SignExt  R0,R0,#+16,#+16
     55           lnDeltaValue1 = (int16s_t)CV_GYRO_ZERO - lnDeltaValue1;              //ºı»•¡„∆´÷√÷µ
   \   0000005C   0xF240 0x11B5      MOVW     R1,#+437
   \   00000060   0x1A08             SUBS     R0,R1,R0
     56           lnDeltaValue1 = (int32u_t)(lnDeltaValue1*5000L/1024);                //ªÒµ√µÁ—π÷µ 
   \   00000062   0xF241 0x3188      MOVW     R1,#+5000
   \   00000066   0x4348             MULS     R0,R1,R0
   \   00000068   0xF44F 0x6180      MOV      R1,#+1024
   \   0000006C   0xFB90 0xF0F1      SDIV     R0,R0,R1
     57           Gyro_m = lnDeltaValue1 * 10.0 / 67;                                  //º∆À„Ω«Ω«ÀŸ∂»,‘⁄‘≠ ºµÁ¬∑÷–“—æ≠∑≈¥Û¡À 10 ±∂
   \   00000070   0x.... 0x....      BL       __aeabi_i2d
   \   00000074   0x2200             MOVS     R2,#+0
   \   00000076   0x....             LDR.N    R3,??DataTable1_10  ;; 0x40240000
   \   00000078   0x.... 0x....      BL       __aeabi_dmul
   \   0000007C   0x2200             MOVS     R2,#+0
   \   0000007E   0x....             LDR.N    R3,??DataTable1_11  ;; 0x4050c000
   \   00000080   0x.... 0x....      BL       __aeabi_ddiv
   \   00000084   0x.... 0x....      BL       __aeabi_d2f
   \   00000088   0x....             LDR.N    R1,??DataTable1_12
   \   0000008A   0x6008             STR      R0,[R1, #+0]
     58                
     59           Kalman_Filter( Angle_m, Gyro_m);                                     //ø®∂˚¬¸¬À≤®
   \   0000008C   0x....             LDR.N    R0,??DataTable1_12
   \   0000008E   0x6801             LDR      R1,[R0, #+0]
   \   00000090   0x....             LDR.N    R0,??DataTable1_9
   \   00000092   0x6800             LDR      R0,[R0, #+0]
   \   00000094   0x.... 0x....      BL       Kalman_Filter
     60            
     61           g_nCarAngle   = (int16s_t)( ((Angle) ) * 7);                        //µ˜’˚≥µÃÂΩ«∂»
   \   00000098   0x....             LDR.N    R0,??DataTable1_13
   \   0000009A   0x6801             LDR      R1,[R0, #+0]
   \   0000009C   0x....             LDR.N    R0,??DataTable1_14  ;; 0x40e00000
   \   0000009E   0x.... 0x....      BL       __aeabi_fmul
   \   000000A2   0x.... 0x....      BL       __aeabi_f2iz
   \   000000A6   0x....             LDR.N    R1,??DataTable1_15
   \   000000A8   0x8008             STRH     R0,[R1, #+0]
     62           g_nCarGyroVal = (int16s_t)( Angle_dot * 10);                         //µ˜’˚≥µÃÂΩ«ÀŸ∂»        
   \   000000AA   0x....             LDR.N    R0,??DataTable1_16
   \   000000AC   0x6801             LDR      R1,[R0, #+0]
   \   000000AE   0x....             LDR.N    R0,??DataTable1_3  ;; 0x41200000
   \   000000B0   0x.... 0x....      BL       __aeabi_fmul
   \   000000B4   0x.... 0x....      BL       __aeabi_f2iz
   \   000000B8   0x....             LDR.N    R1,??DataTable1_17
   \   000000BA   0x8008             STRH     R0,[R1, #+0]
     63          }
   \   000000BC   0xBD01             POP      {R0,PC}          ;; return
     64          /*==========================================
     65          ∫Ø ˝√˚£∫CarAngleControl()
     66          ◊˜”√  £∫≥µÃÂΩ«∂»øÿ÷∆£¨ƒ⁄ª∑
     67          ±∏◊¢  £∫Œﬁ
     68          ===========================================*/

   \                                 In section .text, align 2, keep-with-next
     69          void CarAngleControl(void)
     70          {
   \                     CarAngleControl:
   \   00000000   0xB510             PUSH     {R4,LR}
     71           int16s_t nLeft, nRight;
     72           int16s_t nSpeed;
     73           int16s_t nP, nD;
     74          	  
     75           nP = g_nCarAngle;
   \   00000002   0x....             LDR.N    R0,??DataTable1_15
   \   00000004   0xF9B0 0x4000      LDRSH    R4,[R0, #+0]
     76           nP = (int16s_t)(-nP * (UP_KP));              
   \   00000008   0xB224             SXTH     R4,R4            ;; SignExt  R4,R4,#+16,#+16
   \   0000000A   0x4260             RSBS     R0,R4,#+0
   \   0000000C   0x.... 0x....      BL       __aeabi_i2d
   \   00000010   0x2200             MOVS     R2,#+0
   \   00000012   0x....             LDR.N    R3,??DataTable1_18  ;; 0x40200000
   \   00000014   0x.... 0x....      BL       __aeabi_dmul
   \   00000018   0x.... 0x....      BL       __aeabi_d2iz
   \   0000001C   0x0004             MOVS     R4,R0
     77           nD = g_nCarGyroVal;
   \   0000001E   0x....             LDR.N    R0,??DataTable1_17
   \   00000020   0xF9B0 0x0000      LDRSH    R0,[R0, #+0]
     78           nD = (int16s_t)(-nD * (UP_KD));
   \   00000024   0xB200             SXTH     R0,R0            ;; SignExt  R0,R0,#+16,#+16
   \   00000026   0x4240             RSBS     R0,R0,#+0
   \   00000028   0x.... 0x....      BL       __aeabi_i2d
   \   0000002C   0x....             LDR.N    R2,??DataTable1_19  ;; 0x9999999a
   \   0000002E   0x....             LDR.N    R3,??DataTable1_20  ;; 0x3fc99999
   \   00000030   0x.... 0x....      BL       __aeabi_dmul
   \   00000034   0x.... 0x....      BL       __aeabi_d2iz
     79           
     80           nSpeed = nP + nD;
   \   00000038   0x1900             ADDS     R0,R0,R4
     81             
     82           if(nSpeed > MOTOR_SPEED_SET_MAX) 	
   \   0000003A   0xF240 0x414D      MOVW     R1,#+1101
   \   0000003E   0xB200             SXTH     R0,R0            ;; SignExt  R0,R0,#+16,#+16
   \   00000040   0x4288             CMP      R0,R1
   \   00000042   0xDB02             BLT.N    ??CarAngleControl_0
     83           {
     84          	nSpeed = MOTOR_SPEED_SET_MAX;
   \   00000044   0xF240 0x404C      MOVW     R0,#+1100
   \   00000048   0xE004             B.N      ??CarAngleControl_1
     85           }
     86           else if(nSpeed < MOTOR_SPEED_SET_MIN)	
   \                     ??CarAngleControl_0:
   \   0000004A   0x....             LDR.N    R1,??DataTable1_21  ;; 0xfffffbb4
   \   0000004C   0xB200             SXTH     R0,R0            ;; SignExt  R0,R0,#+16,#+16
   \   0000004E   0x4288             CMP      R0,R1
   \   00000050   0xDA00             BGE.N    ??CarAngleControl_1
     87           {
     88          	nSpeed = MOTOR_SPEED_SET_MIN;
   \   00000052   0x....             LDR.N    R0,??DataTable1_21  ;; 0xfffffbb4
     89           }
     90          
     91          
     92          
     93           
     94           if(Turn_SpeedOut > TURN_LIMIT)
   \                     ??CarAngleControl_1:
   \   00000054   0x....             LDR.N    R1,??DataTable1_22
   \   00000056   0x6809             LDR      R1,[R1, #+0]
   \   00000058   0xF5B1 0x7FA0      CMP      R1,#+320
   \   0000005C   0xDD03             BLE.N    ??CarAngleControl_2
     95           {
     96            Turn_SpeedOut = TURN_LIMIT;
   \   0000005E   0x....             LDR.N    R1,??DataTable1_22
   \   00000060   0xF44F 0x72A0      MOV      R2,#+320
   \   00000064   0x600A             STR      R2,[R1, #+0]
     97           }                                                       
     98           if(Turn_SpeedOut < -TURN_LIMIT)
   \                     ??CarAngleControl_2:
   \   00000066   0x....             LDR.N    R1,??DataTable1_22
   \   00000068   0x6809             LDR      R1,[R1, #+0]
   \   0000006A   0xF511 0x7FA0      CMN      R1,#+320
   \   0000006E   0xDA02             BGE.N    ??CarAngleControl_3
     99           {
    100            Turn_SpeedOut = -TURN_LIMIT;
   \   00000070   0x....             LDR.N    R1,??DataTable1_22
   \   00000072   0x....             LDR.N    R2,??DataTable1_23  ;; 0xfffffec0
   \   00000074   0x600A             STR      R2,[R1, #+0]
    101           }
    102           Turn_SpeedOut_L = Turn_SpeedOut;
   \                     ??CarAngleControl_3:
   \   00000076   0x....             LDR.N    R1,??DataTable1_24
   \   00000078   0x....             LDR.N    R2,??DataTable1_22
   \   0000007A   0x6812             LDR      R2,[R2, #+0]
   \   0000007C   0x600A             STR      R2,[R1, #+0]
    103           Turn_SpeedOut_R = Turn_SpeedOut;
   \   0000007E   0x....             LDR.N    R1,??DataTable1_25
   \   00000080   0x....             LDR.N    R2,??DataTable1_22
   \   00000082   0x6812             LDR      R2,[R2, #+0]
   \   00000084   0x600A             STR      R2,[R1, #+0]
    104          
    105          #if 0   
    106           Turn_SpeedOut_L = Turn_SpeedOut;
    107           Turn_SpeedOut_R = Turn_SpeedOut;
    108          
    109          
    110           if(Turn_SpeedOut > 0 && Turn_SpeedOut > TURN_LIMIT)
    111           {
    112            Turn_SpeedOut_R = TURN_LIMIT;
    113             
    114            if(Turn_SpeedOut_L > TURN_LIMIT_LOW)
    115            {  
    116             Turn_SpeedOut_L = TURN_LIMIT_LOW;
    117            }
    118            if(Turn_SpeedOut_L < -TURN_LIMIT_LOW)
    119            {  
    120             Turn_SpeedOut_L = -TURN_LIMIT_LOW;
    121            }
    122           }                                                        //◊Û◊™ ±,”“≤‡¬÷œﬁ∑˘£¨◊Û≤‡¬÷≤ªœﬁ∑˘
    123           if(Turn_SpeedOut < 0 && Turn_SpeedOut < -TURN_LIMIT)
    124           {
    125            if(Turn_SpeedOut_R > TURN_LIMIT_LOW)  
    126            {
    127             Turn_SpeedOut_R = TURN_LIMIT_LOW;
    128            }
    129            if(Turn_SpeedOut_R < -TURN_LIMIT_LOW) 
    130            {
    131             Turn_SpeedOut_R = -TURN_LIMIT_LOW;
    132            }
    133            Turn_SpeedOut_L = -TURN_LIMIT;
    134           }
    135          
    136          #endif
    137                                                             //”“◊™ ±£¨◊Û≤‡¬÷œﬁ∑˘£¨”“≤‡¬÷≤ªœﬁ∑˘
    138           //if(Acc_Check_Flg == 1)
    139           //{
    140           // nLeft  = (int16s_t)nSpeed;
    141           // nRight = (int16s_t)nSpeed;
    142           //}
    143          // else
    144          // {
    145          //    nLeft  = (int16s_t)nSpeed + PI_Out + (int16s_t)Turn_SpeedOut_L;   
    146          //    nRight = (int16s_t)nSpeed + PI_Out - (int16s_t)Turn_SpeedOut_R;
    147          //    nLeft  = (int16s_t)nSpeed + PI_Out;   
    148          //    nRight = (int16s_t)nSpeed + PI_Out;
    149                nLeft  =  (int16s_t)nSpeed - PI_Out - Turn_SpeedOut_L;   
   \   00000086   0x....             LDR.N    R1,??DataTable1_26
   \   00000088   0x8809             LDRH     R1,[R1, #+0]
   \   0000008A   0x1A41             SUBS     R1,R0,R1
   \   0000008C   0x....             LDR.N    R2,??DataTable1_24
   \   0000008E   0x6812             LDR      R2,[R2, #+0]
   \   00000090   0x1A89             SUBS     R1,R1,R2
    150                nRight =  (int16s_t)nSpeed - PI_Out + Turn_SpeedOut_R;
   \   00000092   0x....             LDR.N    R2,??DataTable1_26
   \   00000094   0x8812             LDRH     R2,[R2, #+0]
   \   00000096   0x1A80             SUBS     R0,R0,R2
   \   00000098   0x....             LDR.N    R2,??DataTable1_25
   \   0000009A   0x6812             LDR      R2,[R2, #+0]
   \   0000009C   0x1810             ADDS     R0,R2,R0
    151            
    152          // }
    153           
    154           g_nLeftMotorOut = nLeft;
   \   0000009E   0x....             LDR.N    R2,??DataTable1_27
   \   000000A0   0x8011             STRH     R1,[R2, #+0]
    155           g_nRightMotorOut = nRight;
   \   000000A2   0x....             LDR.N    R1,??DataTable1_28
   \   000000A4   0x8008             STRH     R0,[R1, #+0]
    156          		
    157           Motor_Control();      
   \   000000A6   0x.... 0x....      BL       Motor_Control
    158          }
   \   000000AA   0xBD10             POP      {R4,PC}          ;; return

   \                                 In section .text, align 4, keep-with-next
   \                     ??DataTable1:
   \   00000000   0x........         DC32     AD_Value

   \                                 In section .text, align 4, keep-with-next
   \                     ??DataTable1_1:
   \   00000000   0xC3B50000         DC32     0xc3b50000

   \                                 In section .text, align 4, keep-with-next
   \                     ??DataTable1_2:
   \   00000000   0x459C4000         DC32     0x459c4000

   \                                 In section .text, align 4, keep-with-next
   \                     ??DataTable1_3:
   \   00000000   0x41200000         DC32     0x41200000

   \                                 In section .text, align 4, keep-with-next
   \                     ??DataTable1_4:
   \   00000000   0x42860000         DC32     0x42860000

   \                                 In section .text, align 4, keep-with-next
   \                     ??DataTable1_5:
   \   00000000   0x42C80001         DC32     0x42c80001

   \                                 In section .text, align 4, keep-with-next
   \                     ??DataTable1_6:
   \   00000000   0x42C80000         DC32     0x42c80000

   \                                 In section .text, align 4, keep-with-next
   \                     ??DataTable1_7:
   \   00000000   0xC2C80000         DC32     0xc2c80000

   \                                 In section .text, align 4, keep-with-next
   \                     ??DataTable1_8:
   \   00000000   0x........         DC32     Asin_to_Angle

   \                                 In section .text, align 4, keep-with-next
   \                     ??DataTable1_9:
   \   00000000   0x........         DC32     Angle_m

   \                                 In section .text, align 4, keep-with-next
   \                     ??DataTable1_10:
   \   00000000   0x40240000         DC32     0x40240000

   \                                 In section .text, align 4, keep-with-next
   \                     ??DataTable1_11:
   \   00000000   0x4050C000         DC32     0x4050c000

   \                                 In section .text, align 4, keep-with-next
   \                     ??DataTable1_12:
   \   00000000   0x........         DC32     Gyro_m

   \                                 In section .text, align 4, keep-with-next
   \                     ??DataTable1_13:
   \   00000000   0x........         DC32     Angle

   \                                 In section .text, align 4, keep-with-next
   \                     ??DataTable1_14:
   \   00000000   0x40E00000         DC32     0x40e00000

   \                                 In section .text, align 4, keep-with-next
   \                     ??DataTable1_15:
   \   00000000   0x........         DC32     g_nCarAngle

   \                                 In section .text, align 4, keep-with-next
   \                     ??DataTable1_16:
   \   00000000   0x........         DC32     Angle_dot

   \                                 In section .text, align 4, keep-with-next
   \                     ??DataTable1_17:
   \   00000000   0x........         DC32     g_nCarGyroVal

   \                                 In section .text, align 4, keep-with-next
   \                     ??DataTable1_18:
   \   00000000   0x40200000         DC32     0x40200000

   \                                 In section .text, align 4, keep-with-next
   \                     ??DataTable1_19:
   \   00000000   0x9999999A         DC32     0x9999999a

   \                                 In section .text, align 4, keep-with-next
   \                     ??DataTable1_20:
   \   00000000   0x3FC99999         DC32     0x3fc99999

   \                                 In section .text, align 4, keep-with-next
   \                     ??DataTable1_21:
   \   00000000   0xFFFFFBB4         DC32     0xfffffbb4

   \                                 In section .text, align 4, keep-with-next
   \                     ??DataTable1_22:
   \   00000000   0x........         DC32     Turn_SpeedOut

   \                                 In section .text, align 4, keep-with-next
   \                     ??DataTable1_23:
   \   00000000   0xFFFFFEC0         DC32     0xfffffec0

   \                                 In section .text, align 4, keep-with-next
   \                     ??DataTable1_24:
   \   00000000   0x........         DC32     Turn_SpeedOut_L

   \                                 In section .text, align 4, keep-with-next
   \                     ??DataTable1_25:
   \   00000000   0x........         DC32     Turn_SpeedOut_R

   \                                 In section .text, align 4, keep-with-next
   \                     ??DataTable1_26:
   \   00000000   0x........         DC32     PI_Out

   \                                 In section .text, align 4, keep-with-next
   \                     ??DataTable1_27:
   \   00000000   0x........         DC32     g_nLeftMotorOut

   \                                 In section .text, align 4, keep-with-next
   \                     ??DataTable1_28:
   \   00000000   0x........         DC32     g_nRightMotorOut

   Maximum stack usage in bytes:

   .cstack Function
   ------- --------
        8  CarAngleControl
             8 -> Motor_Control
             8 -> __aeabi_d2iz
             8 -> __aeabi_dmul
             8 -> __aeabi_i2d
        8  CarVoltageGet
             8 -> Kalman_Filter
             8 -> __aeabi_cfcmple
             8 -> __aeabi_cfrcmple
             8 -> __aeabi_d2f
             8 -> __aeabi_ddiv
             8 -> __aeabi_dmul
             8 -> __aeabi_f2iz
             8 -> __aeabi_fadd
             8 -> __aeabi_fdiv
             8 -> __aeabi_fmul
             8 -> __aeabi_i2d
             8 -> __aeabi_ui2f


   Section sizes:

   Bytes  Function/Label
   -----  --------------
       4  ??DataTable1
       4  ??DataTable1_1
       4  ??DataTable1_10
       4  ??DataTable1_11
       4  ??DataTable1_12
       4  ??DataTable1_13
       4  ??DataTable1_14
       4  ??DataTable1_15
       4  ??DataTable1_16
       4  ??DataTable1_17
       4  ??DataTable1_18
       4  ??DataTable1_19
       4  ??DataTable1_2
       4  ??DataTable1_20
       4  ??DataTable1_21
       4  ??DataTable1_22
       4  ??DataTable1_23
       4  ??DataTable1_24
       4  ??DataTable1_25
       4  ??DataTable1_26
       4  ??DataTable1_27
       4  ??DataTable1_28
       4  ??DataTable1_3
       4  ??DataTable1_4
       4  ??DataTable1_5
       4  ??DataTable1_6
       4  ??DataTable1_7
       4  ??DataTable1_8
       4  ??DataTable1_9
       4  Angle_m
     804  Asin_to_Angle
     172  CarAngleControl
     190  CarVoltageGet
       4  Gyro_m
       4  Turn_SpeedOut_L
       4  Turn_SpeedOut_R
       2  g_nCarAcceVal
       2  g_nCarAngle
       2  g_nCarGyroVal
       2  g_nLeftMotorOut
       2  g_nRightMotorOut

 
  26 bytes in section .bss
 804 bytes in section .rodata
 478 bytes in section .text
 
 478 bytes of CODE  memory
 804 bytes of CONST memory
  26 bytes of DATA  memory

Errors: none
Warnings: none
